
=================================================================
  Low-Light Enhancement — v2 Training (L1 + MS-SSIM + VGG)
=================================================================
  Device:              cpu
  Init checkpoint:     checkpoints/best_extended.pt
  Manifest:            /home/taya/night-to-day-imgConversion/extended_manifest.csv
  Epochs:              20
  Batch size:          4
  Crop size:           176×176
  LR:                  1e-05
  Perceptual weight:   0.0
=================================================================

Building train/val splits (scene-level) from extended manifest ...
  Train: 1515 pairs  (TA=1095, LOL=420)
  Val:    161 pairs  (TA=81,  LOL=80)

Pre-fetching 2266 unique images from HF Hub ...
  100/2266  (101 img/s  ETA 21s)
  200/2266  (123 img/s  ETA 17s)
  300/2266  (128 img/s  ETA 15s)
  400/2266  (133 img/s  ETA 14s)
  500/2266  (138 img/s  ETA 13s)
  600/2266  (141 img/s  ETA 12s)
  700/2266  (138 img/s  ETA 11s)
  800/2266  (140 img/s  ETA 10s)
  900/2266  (142 img/s  ETA 10s)
  1000/2266  (142 img/s  ETA 9s)
  1100/2266  (142 img/s  ETA 8s)
  1200/2266  (142 img/s  ETA 8s)
  1300/2266  (142 img/s  ETA 7s)
  1400/2266  (142 img/s  ETA 6s)
  1500/2266  (141 img/s  ETA 5s)
  1600/2266  (142 img/s  ETA 5s)
  1700/2266  (142 img/s  ETA 4s)
  1800/2266  (142 img/s  ETA 3s)
  1900/2266  (141 img/s  ETA 3s)
  2000/2266  (141 img/s  ETA 2s)
  2100/2266  (141 img/s  ETA 1s)
  2200/2266  (141 img/s  ETA 0s)
  2266/2266  (141 img/s  ETA 0s)
  Done in 16s

Initialized from checkpoints/best_extended.pt  (epoch 19, val MSE 0.027752)
Model parameters: 1,811,811

──────────────────────────────────────────────────────────────────────────────────────────────────────────────
  Ep │  TrainLoss   Tr_MSE │   ValLoss   Va_MSE │    MSE_R    MSE_G    MSE_B │       LR   Time       ETA
──────────────────────────────────────────────────────────────────────────────────────────────────────────────
   1 │   0.398461 0.040366 │  0.315121 0.035101 │ 0.035136 0.031078 0.039088 │  1.0e-05   289s      1.5h
       ↳ new best  val MSE: 0.035101  → saved to checkpoints/best_v2.pt
   2 │   0.395739 0.042211 │  0.295454 0.030749 │ 0.028140 0.028150 0.035957 │  1.0e-05   253s      1.4h
       ↳ new best  val MSE: 0.030749  → saved to checkpoints/best_v2.pt
   3 │   0.389048 0.041386 │  0.300567 0.038691 │ 0.037176 0.035348 0.043547 │  1.0e-05   227s      1.2h
   4 │   0.387237 0.042890 │  0.271103 0.029003 │ 0.027294 0.026345 0.033370 │  1.0e-05   250s      1.1h
       ↳ new best  val MSE: 0.029003  → saved to checkpoints/best_v2.pt
   5 │   0.387327 0.043638 │  0.297370 0.031640 │ 0.030155 0.028797 0.035968 │  1.0e-05   233s      1.0h
   6 │   0.383663 0.043374 │  0.283001 0.032990 │ 0.030962 0.030618 0.037390 │  1.0e-05   274s       59m
   7 │   0.382930 0.044608 │  0.296441 0.037209 │ 0.035319 0.033758 0.042549 │  1.0e-05   267s       55m
   8 │   0.382028 0.043406 │  0.295840 0.029929 │ 0.028120 0.027074 0.034594 │  1.0e-05   251s       51m
   9 │   0.382115 0.044449 │  0.274208 0.039657 │ 0.037837 0.036968 0.044165 │  1.0e-05   245s       47m
  10 │   0.379804 0.043178 │  0.265284 0.028914 │ 0.027554 0.025952 0.033236 │  5.0e-06   249s       42m
       ↳ new best  val MSE: 0.028914  → saved to checkpoints/best_v2.pt
  11 │   0.377032 0.043368 │  0.283237 0.043050 │ 0.039937 0.040620 0.048593 │  5.0e-06   250s       38m
  12 │   0.379498 0.043750 │  0.304146 0.039836 │ 0.037919 0.037529 0.044062 │  5.0e-06   255s       34m
  13 │   0.377989 0.043389 │  0.268794 0.035990 │ 0.032112 0.033474 0.042384 │  5.0e-06   258s       30m
  14 │   0.374240 0.043133 │  0.283114 0.032955 │ 0.029956 0.030285 0.038624 │  5.0e-06   242s       25m
  15 │   0.376598 0.043218 │  0.286503 0.028953 │ 0.025634 0.026113 0.035113 │  5.0e-06   247s       21m
  16 │   0.379178 0.042140 │  0.277859 0.043393 │ 0.041251 0.040784 0.048144 │  2.5e-06   256s       17m
  17 │   0.373264 0.042547 │  0.277176 0.033954 │ 0.029990 0.031930 0.039943 │  2.5e-06   229s       13m
  18 │   0.372574 0.043371 │  0.278189 0.038664 │ 0.037731 0.036179 0.042083 │  2.5e-06   265s        8m
  19 │   0.379011 0.043499 │  0.275060 0.031409 │ 0.028762 0.029015 0.036449 │  2.5e-06   255s        4m
  20 │   0.383296 0.043959 │  0.271141 0.030528 │ 0.028003 0.028135 0.035446 │  2.5e-06   251s        0m
──────────────────────────────────────────────────────────────────────────────────────────────────────────────

v2 training complete.
  Best val MSE avg:  0.028914
  Best checkpoint:   checkpoints/best_v2.pt
  Last checkpoint:   checkpoints/last_v2.pt
  Experiment log:    experiment_log_v2.csv

Next steps:
  python enhance.py --input night.jpg --reference day.jpg --checkpoint checkpoints/best_v2.pt
