
=================================================================
  Low-Light Enhancement — v3 Training (Residual + ColorLoss)
=================================================================
  Device:              cpu
  Init checkpoint:     checkpoints/best_extended.pt
  Manifest:            /home/taya/night-to-day-imgConversion/extended_manifest.csv
  Epochs:              20
  Batch size:          4
  Crop size:           176×176
  LR:                  1e-05
  Color weight:        0.5
=================================================================

Building train/val splits (scene-level) from extended manifest ...
  Train: 1515 pairs  (TA=1095, LOL=420)
  Val:    161 pairs  (TA=81,  LOL=80)

Pre-fetching 2266 unique images from HF Hub ...
  100/2266  (85 img/s  ETA 26s)
  200/2266  (99 img/s  ETA 21s)
  300/2266  (106 img/s  ETA 19s)
  400/2266  (112 img/s  ETA 17s)
  500/2266  (115 img/s  ETA 15s)
  600/2266  (116 img/s  ETA 14s)
  700/2266  (118 img/s  ETA 13s)
  800/2266  (119 img/s  ETA 12s)
  900/2266  (119 img/s  ETA 11s)
  1000/2266  (121 img/s  ETA 11s)
  1100/2266  (121 img/s  ETA 10s)
  1200/2266  (122 img/s  ETA 9s)
  1300/2266  (122 img/s  ETA 8s)
  1400/2266  (123 img/s  ETA 7s)
  1500/2266  (123 img/s  ETA 6s)
  1600/2266  (124 img/s  ETA 5s)
  1700/2266  (124 img/s  ETA 5s)
  1800/2266  (124 img/s  ETA 4s)
  1900/2266  (125 img/s  ETA 3s)
  2000/2266  (124 img/s  ETA 2s)
  2100/2266  (125 img/s  ETA 1s)
  2200/2266  (125 img/s  ETA 1s)
  2266/2266  (125 img/s  ETA 0s)
  Done in 18s

Initialized (residual=True) from checkpoints/best_extended.pt  (epoch 19, val MSE 0.027752)
Model parameters: 1,811,811

──────────────────────────────────────────────────────────────────────────────────────────────────────────────
  Ep │  TrainLoss   Tr_MSE │   ValLoss   Va_MSE │    MSE_R    MSE_G    MSE_B │       LR   Time       ETA
──────────────────────────────────────────────────────────────────────────────────────────────────────────────
   1 │   0.745259 0.113110 │  0.509547 0.073617 │ 0.077721 0.069718 0.073414 │  1.0e-05   251s      1.3h
       ↳ new best  val MSE: 0.073617  → saved to checkpoints/best_v3.pt
   2 │   0.692346 0.096733 │  0.556734 0.090236 │ 0.094208 0.086478 0.090022 │  1.0e-05   270s      1.3h
   3 │   0.670091 0.090708 │  0.589895 0.099562 │ 0.104199 0.092766 0.101721 │  1.0e-05   263s      1.2h
   4 │   0.651162 0.083108 │  0.576972 0.092959 │ 0.098356 0.088448 0.092073 │  1.0e-05   225s      1.1h
   5 │   0.634941 0.079600 │  0.611326 0.097615 │ 0.103812 0.092828 0.096203 │  1.0e-05   210s      1.0h
   6 │   0.631905 0.078137 │  0.504553 0.073776 │ 0.077332 0.068769 0.075227 │  1.0e-05   210s       56m
   7 │   0.624980 0.074345 │  0.531559 0.076131 │ 0.079996 0.072251 0.076147 │  5.0e-06   215s       51m
   8 │   0.619398 0.071555 │  0.491907 0.064054 │ 0.067253 0.059675 0.065234 │  5.0e-06   209s       46m
       ↳ new best  val MSE: 0.064054  → saved to checkpoints/best_v3.pt
   9 │   0.619904 0.071807 │  0.578366 0.088567 │ 0.093665 0.083712 0.088323 │  5.0e-06   215s       42m
  10 │   0.616683 0.073042 │  0.560854 0.083938 │ 0.088184 0.078744 0.084886 │  5.0e-06   210s       38m
  11 │   0.618693 0.072498 │  0.463339 0.058475 │ 0.058189 0.055197 0.062038 │  5.0e-06   235s       34m
       ↳ new best  val MSE: 0.058475  → saved to checkpoints/best_v3.pt
  12 │   0.606643 0.069839 │  0.502387 0.067243 │ 0.071152 0.063484 0.067093 │  5.0e-06   269s       31m
  13 │   0.615345 0.070351 │  0.630877 0.108266 │ 0.113744 0.103165 0.107887 │  5.0e-06   228s       27m
  14 │   0.604661 0.067679 │  0.554482 0.085049 │ 0.086542 0.080744 0.087861 │  5.0e-06   208s       23m
  15 │   0.604331 0.067880 │  0.468049 0.065559 │ 0.067234 0.060913 0.068529 │  5.0e-06   210s       19m
  16 │   0.613386 0.069392 │  0.444661 0.056371 │ 0.057521 0.052765 0.058825 │  5.0e-06   218s       15m
       ↳ new best  val MSE: 0.056371  → saved to checkpoints/best_v3.pt
  17 │   0.600343 0.069064 │  0.485834 0.059965 │ 0.063670 0.055487 0.060738 │  5.0e-06   258s       11m
  18 │   0.609219 0.068737 │  0.455253 0.050844 │ 0.050646 0.046377 0.055508 │  5.0e-06   251s        8m
       ↳ new best  val MSE: 0.050844  → saved to checkpoints/best_v3.pt
  19 │   0.598102 0.068220 │  0.489271 0.067623 │ 0.071503 0.063504 0.067862 │  5.0e-06   277s        4m
  20 │   0.600005 0.065622 │  0.496019 0.069794 │ 0.072469 0.065272 0.071641 │  5.0e-06   299s        0m
──────────────────────────────────────────────────────────────────────────────────────────────────────────────

v3 training complete.
  Best val MSE avg:  0.050844
  Best checkpoint:   checkpoints/best_v3.pt
  Last checkpoint:   checkpoints/last_v3.pt
  Experiment log:    experiment_log_v3.csv

Next steps:
  python enhance.py --input night.jpg --reference day.jpg --checkpoint checkpoints/best_v3.pt
  # Visual check: open enhanced_night.jpg — look for blue sky, natural greens
