
======================================================================
  Low-Light Enhancement — v4 Training
  (WeightedL1 + LogL1 + MS-SSIM + ColorLoss w/ staged warmup)
======================================================================
  Device:               cpu
  Init checkpoint:      checkpoints/best.pt
  Manifest:             /home/taya/night-to-day-imgConversion/extended_manifest.csv
  Epochs:               30
  Batch size:           4
  Crop size:            176×176
  LR:                   0.0001  (CosineAnnealingWarmRestarts T_0=10)
  Loss weights:         wl1=0.16  log_l1=0.16  ssim=0.68
  Color weight:         0.5  (warmup 5 epochs, ramp 5 epochs)
  Global context:       True
  Color augmentation:   True
======================================================================

Building train/val splits (scene-level) ...
  Train: 1515 pairs  (TA=1095, LOL=420)
  Val:    161 pairs  (TA=81,  LOL=80)

Pre-fetching 2266 unique images from HF Hub ...
  100/2266  (93 img/s  ETA 23s)
  200/2266  (115 img/s  ETA 18s)
  300/2266  (128 img/s  ETA 15s)
  400/2266  (134 img/s  ETA 14s)
  500/2266  (139 img/s  ETA 13s)
  600/2266  (141 img/s  ETA 12s)
  700/2266  (142 img/s  ETA 11s)
  800/2266  (145 img/s  ETA 10s)
  900/2266  (146 img/s  ETA 9s)
  1000/2266  (145 img/s  ETA 9s)
  1100/2266  (145 img/s  ETA 8s)
  1200/2266  (145 img/s  ETA 7s)
  1300/2266  (145 img/s  ETA 7s)
  1400/2266  (144 img/s  ETA 6s)
  1500/2266  (143 img/s  ETA 5s)
  1600/2266  (143 img/s  ETA 5s)
  1700/2266  (144 img/s  ETA 4s)
  1800/2266  (142 img/s  ETA 3s)
  1900/2266  (143 img/s  ETA 3s)
  2000/2266  (143 img/s  ETA 2s)
  2100/2266  (143 img/s  ETA 1s)
  2200/2266  (143 img/s  ETA 0s)
  2266/2266  (141 img/s  ETA 0s)
  Done in 16s

Initialized (residual=True, global_context=True) from checkpoints/best.pt  (epoch 22, val MSE 0.028953)
Model parameters: 1,820,579

────────────────────────────────────────────────────────────────────────────────────────────────────────────────────────
  Ep │ CScale │  TrainLoss   Tr_MSE │   ValLoss   Va_MSE │    MSE_R    MSE_G    MSE_B │       LR   Time       ETA
────────────────────────────────────────────────────────────────────────────────────────────────────────────────────────
   1 │   0.00 │   0.522906 0.082521 │  0.365298 0.062269 │ 0.065035 0.060908 0.060863 │  1.0e-04   231s      1.9h
       ↳ new best  val MSE: 0.062269  → saved to checkpoints/best_v4.pt
   2 │   0.00 │   0.436560 0.069216 │  0.329915 0.056798 │ 0.061617 0.054383 0.054393 │  9.8e-05   222s      1.8h
       ↳ new best  val MSE: 0.056798  → saved to checkpoints/best_v4.pt
   3 │   0.00 │   0.415972 0.070331 │  0.320852 0.041037 │ 0.040421 0.036072 0.046618 │  9.0e-05   237s      1.7h
       ↳ new best  val MSE: 0.041037  → saved to checkpoints/best_v4.pt
   4 │   0.00 │   0.420589 0.070245 │  0.325939 0.056530 │ 0.060073 0.050794 0.058724 │  7.9e-05   263s      1.7h
   5 │   0.00 │   0.415918 0.070116 │  0.318829 0.052552 │ 0.057893 0.045529 0.054234 │  6.5e-05   255s      1.7h
   6 │   0.20 │   0.443956 0.066840 │  0.324755 0.039206 │ 0.042651 0.034886 0.040081 │  5.0e-05   226s      1.6h
       ↳ new best  val MSE: 0.039206  → saved to checkpoints/best_v4.pt
   7 │   0.40 │   0.469306 0.063766 │  0.347494 0.037904 │ 0.039228 0.034081 0.040403 │  3.5e-05   218s      1.5h
       ↳ new best  val MSE: 0.037904  → saved to checkpoints/best_v4.pt
   8 │   0.60 │   0.502649 0.063187 │  0.410793 0.047341 │ 0.046667 0.043347 0.052010 │  2.1e-05   218s      1.4h
   9 │   0.80 │   0.536846 0.060868 │  0.414220 0.036960 │ 0.037197 0.032575 0.041110 │  9.6e-06   218s      1.4h
       ↳ new best  val MSE: 0.036960  → saved to checkpoints/best_v4.pt
  10 │   1.00 │   0.570537 0.060600 │  0.437839 0.039558 │ 0.040068 0.035931 0.042674 │  2.5e-06   218s      1.3h
  11 │   1.00 │   0.565220 0.057669 │  0.435188 0.043297 │ 0.042951 0.039525 0.047417 │  1.0e-04   218s      1.2h
  12 │   1.00 │   0.559367 0.054894 │  0.440997 0.040679 │ 0.035519 0.036621 0.049898 │  9.8e-05   217s      1.1h
  13 │   1.00 │   0.559304 0.053901 │  0.406971 0.028685 │ 0.028407 0.026656 0.030992 │  9.0e-05   219s      1.1h
       ↳ new best  val MSE: 0.028685  → saved to checkpoints/best_v4.pt
  14 │   1.00 │   0.554679 0.052299 │  0.460115 0.043646 │ 0.042664 0.039601 0.048674 │  7.9e-05   219s      1.0h
  15 │   1.00 │   0.555861 0.052601 │  0.435356 0.032760 │ 0.031472 0.030522 0.036284 │  6.5e-05   218s       57m
  16 │   1.00 │   0.556679 0.053209 │  0.397288 0.028555 │ 0.025309 0.026654 0.033702 │  5.0e-05   219s       53m
       ↳ new best  val MSE: 0.028555  → saved to checkpoints/best_v4.pt
  17 │   1.00 │   0.552298 0.051910 │  0.415695 0.032617 │ 0.029975 0.031354 0.036522 │  3.5e-05   218s       49m
  18 │   1.00 │   0.550754 0.052500 │  0.405111 0.029291 │ 0.026602 0.027293 0.033978 │  2.1e-05   218s       45m
  19 │   1.00 │   0.541754 0.051757 │  0.390946 0.030056 │ 0.028045 0.027985 0.034139 │  9.6e-06   218s       41m
  20 │   1.00 │   0.544539 0.053056 │  0.391346 0.030393 │ 0.028169 0.027922 0.035089 │  2.5e-06   217s       37m
  21 │   1.00 │   0.555922 0.053354 │  0.412522 0.032771 │ 0.031328 0.030734 0.036252 │  1.0e-04   218s       34m
  22 │   1.00 │   0.550721 0.051540 │  0.428446 0.037392 │ 0.033270 0.034628 0.044279 │  9.8e-05   217s       30m
  23 │   1.00 │   0.548448 0.051771 │  0.464065 0.041366 │ 0.041280 0.037820 0.044997 │  9.0e-05   217s       26m
  24 │   1.00 │   0.555336 0.050927 │  0.473312 0.044633 │ 0.041440 0.041028 0.051430 │  7.9e-05   217s       22m
  25 │   1.00 │   0.547736 0.051190 │  0.389418 0.028453 │ 0.027181 0.027000 0.031178 │  6.5e-05   217s       19m
       ↳ new best  val MSE: 0.028453  → saved to checkpoints/best_v4.pt
  26 │   1.00 │   0.545696 0.050501 │  0.387696 0.028836 │ 0.027146 0.026827 0.032534 │  5.0e-05   218s       15m
  27 │   1.00 │   0.562956 0.053586 │  0.413550 0.033827 │ 0.031678 0.030979 0.038823 │  3.5e-05   231s       11m
  28 │   1.00 │   0.552848 0.053484 │  0.399549 0.034177 │ 0.029595 0.032161 0.040776 │  2.1e-05   218s        7m
  29 │   1.00 │   0.546199 0.051298 │  0.409721 0.033207 │ 0.031226 0.030920 0.037476 │  9.6e-06   219s        4m
  30 │   1.00 │   0.545351 0.050209 │  0.431273 0.034755 │ 0.031126 0.031685 0.041455 │  2.5e-06   218s        0m
────────────────────────────────────────────────────────────────────────────────────────────────────────────────────────

v4 training complete.
  Best val MSE avg:  0.028453
  Best checkpoint:   checkpoints/best_v4.pt
  Last checkpoint:   checkpoints/last_v4.pt
  Experiment log:    experiment_log_v4.csv

Next steps:
  python enhance.py --input night.jpg --reference day.jpg --checkpoint checkpoints/best_v4.pt
  # Compare streetlamp pixels vs enhanced_night_v3.jpg
